Removed Member From Class: ClassName=Peripheral Member=U2
Removed Member From Class: ClassName=Peripheral Member=U3
Removed Member From Class: ClassName=Peripheral Member=U4
Change Component Designator: OldDesignator=D2 NewDesignator=D3
Change Component Designator: OldDesignator=D3 NewDesignator=D5
Change Component Designator: OldDesignator=D4 NewDesignator=D7
Change Component Designator: OldDesignator=D5 NewDesignator=D8
Change Component Designator: OldDesignator=D6 NewDesignator=D9
Change Component Designator: OldDesignator=D7 NewDesignator=D10
Change Component Designator: OldDesignator=D8 NewDesignator=D11
Change Component Designator: OldDesignator=D9 NewDesignator=D12
Change Component Designator: OldDesignator=D10 NewDesignator=D13
Change Component Designator: OldDesignator=D11 NewDesignator=D14
Change Component Designator: OldDesignator=D12 NewDesignator=D15
Change Component Designator: OldDesignator=D13 NewDesignator=D16
Change Component Designator: OldDesignator=U1 NewDesignator=D2
Change Component Designator: OldDesignator=U2 NewDesignator=D4
Change Component Designator: OldDesignator=U3 NewDesignator=D6
Change Component Designator: OldDesignator=U4 NewDesignator=U1
Change Component Designator: OldDesignator=U5 NewDesignator=U2
Change Component Designator: OldDesignator=U6 NewDesignator=U3
Change Component Designator: OldDesignator=U7 NewDesignator=U4
Change Net Name : Old Net Name=NetD2_2 New Net Name=NetD3_2
Change Net Name : Old Net Name=NetD3_2 New Net Name=NetD5_2
Change Net Name : Old Net Name=NetD4_2 New Net Name=NetD7_2
Change Net Name : Old Net Name=NetD6_2 New Net Name=NetD9_2
Change Net Name : Old Net Name=NetD7_2 New Net Name=NetD10_2
Change Net Name : Old Net Name=NetD9_2 New Net Name=NetD12_2
Change Net Name : Old Net Name=NetD10_2 New Net Name=NetD13_2
Change Net Name : Old Net Name=NetD11_2 New Net Name=NetD14_2
Added Member To Class: ClassName=Peripheral Member=Component D14 SM4007PL
Added Member To Class: ClassName=Peripheral Member=Component D15 BZT52C18W
Added Member To Class: ClassName=Peripheral Member=Component D16 BZT52C18W
